2015-10-25 02:56:27,550 - Log4JLogChute initialized using file 'velocity.log'
2015-10-25 02:56:27,550 - Velocity was not initialized! Calling init()...
2015-10-25 02:56:27,550 - Starting Apache Velocity v1.5 (compiled: 2007-02-22 08:52:29)
2015-10-25 02:56:27,550 - Default Properties File: org\apache\velocity\runtime\defaults\velocity.properties
2015-10-25 02:56:27,550 - Trying to use logger class org.apache.velocity.runtime.log.AvalonLogChute
2015-10-25 02:56:27,550 - Couldn't find class org.apache.velocity.runtime.log.AvalonLogChute or necessary supporting classes in classpath.
java.lang.NoClassDefFoundError: org/apache/log/format/Formatter
	at java.lang.Class.forName0(Native Method)
	at java.lang.Class.forName(Class.java:242)
	at org.apache.velocity.util.ClassUtils.getClass(ClassUtils.java:63)
	at org.apache.velocity.util.ClassUtils.getNewInstance(ClassUtils.java:95)
	at org.apache.velocity.runtime.log.LogManager.createLogChute(LogManager.java:147)
	at org.apache.velocity.runtime.log.LogManager.updateLog(LogManager.java:208)
	at org.apache.velocity.runtime.RuntimeInstance.initializeLog(RuntimeInstance.java:728)
	at org.apache.velocity.runtime.RuntimeInstance.init(RuntimeInstance.java:240)
	at org.apache.velocity.runtime.RuntimeInstance.parse(RuntimeInstance.java:993)
	at org.apache.velocity.runtime.RuntimeInstance.parse(RuntimeInstance.java:972)
	at org.apache.velocity.runtime.RuntimeSingleton.parse(RuntimeSingleton.java:265)
	at org.apache.velocity.app.Velocity.evaluate(Velocity.java:274)
	at org.sonatype.mavenbook.weather.WeatherFormatter.format(WeatherFormatter.java:23)
	at org.sonatype.mavenbook.weather.Main.start(Main.java:41)
	at org.sonatype.mavenbook.weather.Main.main(Main.java:24)
2015-10-25 02:56:27,566 - Trying to use logger class org.apache.velocity.runtime.log.Log4JLogChute
2015-10-25 02:56:27,566 - Using logger class org.apache.velocity.runtime.log.Log4JLogChute
2015-10-25 02:56:27,566 - Default ResourceManager initializing. (class org.apache.velocity.runtime.resource.ResourceManagerImpl)
2015-10-25 02:56:27,566 - ResourceLoader instantiated: org.apache.velocity.runtime.resource.loader.FileResourceLoader
2015-10-25 02:56:27,566 - Do unicode file recognition:  false
2015-10-25 02:56:27,566 - FileResourceLoader : adding path '.'
2015-10-25 02:56:27,566 - ResourceCache: initialized (class org.apache.velocity.runtime.resource.ResourceCacheImpl)
2015-10-25 02:56:27,566 - Loaded System Directive: org.apache.velocity.runtime.directive.Literal
2015-10-25 02:56:27,566 - Loaded System Directive: org.apache.velocity.runtime.directive.Macro
2015-10-25 02:56:27,566 - Loaded System Directive: org.apache.velocity.runtime.directive.Parse
2015-10-25 02:56:27,581 - Loaded System Directive: org.apache.velocity.runtime.directive.Include
2015-10-25 02:56:27,581 - Loaded System Directive: org.apache.velocity.runtime.directive.Foreach
2015-10-25 02:56:27,613 - Created '20' parsers.
2015-10-25 02:56:27,613 - Velocimacro : "velocimacro.library" is not set.  Trying default library: VM_global_library.vm
2015-10-25 02:56:27,613 - Velocimacro : Default library not found.
2015-10-25 02:56:27,613 - Velocimacro : allowInline = true : VMs can be defined inline in templates
2015-10-25 02:56:27,613 - Velocimacro : allowInlineToOverride = false : VMs defined inline may NOT replace previous VM definitions
2015-10-25 02:56:27,613 - Velocimacro : allowInlineLocal = false : VMs defined inline will be global in scope if allowed.
2015-10-25 02:56:27,613 - Velocimacro : autoload off : VM system will not automatically reload global library macros
2015-10-25 02:56:33,524 - Log4JLogChute initialized using file 'velocity.log'
2015-10-25 02:56:33,524 - Velocity was not initialized! Calling init()...
2015-10-25 02:56:33,524 - Starting Apache Velocity v1.5 (compiled: 2007-02-22 08:52:29)
2015-10-25 02:56:33,524 - Default Properties File: org\apache\velocity\runtime\defaults\velocity.properties
2015-10-25 02:56:33,524 - Trying to use logger class org.apache.velocity.runtime.log.AvalonLogChute
2015-10-25 02:56:33,524 - Couldn't find class org.apache.velocity.runtime.log.AvalonLogChute or necessary supporting classes in classpath.
java.lang.NoClassDefFoundError: org/apache/log/format/Formatter
	at java.lang.Class.forName0(Native Method)
	at java.lang.Class.forName(Class.java:242)
	at org.apache.velocity.util.ClassUtils.getClass(ClassUtils.java:63)
	at org.apache.velocity.util.ClassUtils.getNewInstance(ClassUtils.java:95)
	at org.apache.velocity.runtime.log.LogManager.createLogChute(LogManager.java:147)
	at org.apache.velocity.runtime.log.LogManager.updateLog(LogManager.java:208)
	at org.apache.velocity.runtime.RuntimeInstance.initializeLog(RuntimeInstance.java:728)
	at org.apache.velocity.runtime.RuntimeInstance.init(RuntimeInstance.java:240)
	at org.apache.velocity.runtime.RuntimeInstance.parse(RuntimeInstance.java:993)
	at org.apache.velocity.runtime.RuntimeInstance.parse(RuntimeInstance.java:972)
	at org.apache.velocity.runtime.RuntimeSingleton.parse(RuntimeSingleton.java:265)
	at org.apache.velocity.app.Velocity.evaluate(Velocity.java:274)
	at org.sonatype.mavenbook.weather.WeatherFormatter.format(WeatherFormatter.java:23)
	at org.sonatype.mavenbook.weather.Main.start(Main.java:41)
	at org.sonatype.mavenbook.weather.Main.main(Main.java:24)
2015-10-25 02:56:33,524 - Trying to use logger class org.apache.velocity.runtime.log.Log4JLogChute
2015-10-25 02:56:33,524 - Using logger class org.apache.velocity.runtime.log.Log4JLogChute
2015-10-25 02:56:33,524 - Default ResourceManager initializing. (class org.apache.velocity.runtime.resource.ResourceManagerImpl)
2015-10-25 02:56:33,524 - ResourceLoader instantiated: org.apache.velocity.runtime.resource.loader.FileResourceLoader
2015-10-25 02:56:33,524 - Do unicode file recognition:  false
2015-10-25 02:56:33,524 - FileResourceLoader : adding path '.'
2015-10-25 02:56:33,540 - ResourceCache: initialized (class org.apache.velocity.runtime.resource.ResourceCacheImpl)
2015-10-25 02:56:33,540 - Loaded System Directive: org.apache.velocity.runtime.directive.Literal
2015-10-25 02:56:33,540 - Loaded System Directive: org.apache.velocity.runtime.directive.Macro
2015-10-25 02:56:33,540 - Loaded System Directive: org.apache.velocity.runtime.directive.Parse
2015-10-25 02:56:33,540 - Loaded System Directive: org.apache.velocity.runtime.directive.Include
2015-10-25 02:56:33,540 - Loaded System Directive: org.apache.velocity.runtime.directive.Foreach
2015-10-25 02:56:33,571 - Created '20' parsers.
2015-10-25 02:56:33,571 - Velocimacro : "velocimacro.library" is not set.  Trying default library: VM_global_library.vm
2015-10-25 02:56:33,571 - Velocimacro : Default library not found.
2015-10-25 02:56:33,571 - Velocimacro : allowInline = true : VMs can be defined inline in templates
2015-10-25 02:56:33,571 - Velocimacro : allowInlineToOverride = false : VMs defined inline may NOT replace previous VM definitions
2015-10-25 02:56:33,571 - Velocimacro : allowInlineLocal = false : VMs defined inline will be global in scope if allowed.
2015-10-25 02:56:33,571 - Velocimacro : autoload off : VM system will not automatically reload global library macros
2015-10-25 02:56:45,917 - Log4JLogChute initialized using file 'velocity.log'
2015-10-25 02:56:45,917 - Velocity was not initialized! Calling init()...
2015-10-25 02:56:45,917 - Starting Apache Velocity v1.5 (compiled: 2007-02-22 08:52:29)
2015-10-25 02:56:45,917 - Default Properties File: org\apache\velocity\runtime\defaults\velocity.properties
2015-10-25 02:56:45,917 - Trying to use logger class org.apache.velocity.runtime.log.AvalonLogChute
2015-10-25 02:56:45,917 - Couldn't find class org.apache.velocity.runtime.log.AvalonLogChute or necessary supporting classes in classpath.
java.lang.NoClassDefFoundError: org/apache/log/format/Formatter
	at java.lang.Class.forName0(Native Method)
	at java.lang.Class.forName(Class.java:242)
	at org.apache.velocity.util.ClassUtils.getClass(ClassUtils.java:63)
	at org.apache.velocity.util.ClassUtils.getNewInstance(ClassUtils.java:95)
	at org.apache.velocity.runtime.log.LogManager.createLogChute(LogManager.java:147)
	at org.apache.velocity.runtime.log.LogManager.updateLog(LogManager.java:208)
	at org.apache.velocity.runtime.RuntimeInstance.initializeLog(RuntimeInstance.java:728)
	at org.apache.velocity.runtime.RuntimeInstance.init(RuntimeInstance.java:240)
	at org.apache.velocity.runtime.RuntimeInstance.parse(RuntimeInstance.java:993)
	at org.apache.velocity.runtime.RuntimeInstance.parse(RuntimeInstance.java:972)
	at org.apache.velocity.runtime.RuntimeSingleton.parse(RuntimeSingleton.java:265)
	at org.apache.velocity.app.Velocity.evaluate(Velocity.java:274)
	at org.sonatype.mavenbook.weather.WeatherFormatter.format(WeatherFormatter.java:23)
	at org.sonatype.mavenbook.weather.Main.start(Main.java:41)
	at org.sonatype.mavenbook.weather.Main.main(Main.java:24)
2015-10-25 02:56:45,917 - Trying to use logger class org.apache.velocity.runtime.log.Log4JLogChute
2015-10-25 02:56:45,917 - Using logger class org.apache.velocity.runtime.log.Log4JLogChute
2015-10-25 02:56:45,917 - Default ResourceManager initializing. (class org.apache.velocity.runtime.resource.ResourceManagerImpl)
2015-10-25 02:56:45,917 - ResourceLoader instantiated: org.apache.velocity.runtime.resource.loader.FileResourceLoader
2015-10-25 02:56:45,917 - Do unicode file recognition:  false
2015-10-25 02:56:45,917 - FileResourceLoader : adding path '.'
2015-10-25 02:56:45,933 - ResourceCache: initialized (class org.apache.velocity.runtime.resource.ResourceCacheImpl)
2015-10-25 02:56:45,933 - Loaded System Directive: org.apache.velocity.runtime.directive.Literal
2015-10-25 02:56:45,933 - Loaded System Directive: org.apache.velocity.runtime.directive.Macro
2015-10-25 02:56:45,933 - Loaded System Directive: org.apache.velocity.runtime.directive.Parse
2015-10-25 02:56:45,933 - Loaded System Directive: org.apache.velocity.runtime.directive.Include
2015-10-25 02:56:45,933 - Loaded System Directive: org.apache.velocity.runtime.directive.Foreach
2015-10-25 02:56:45,964 - Created '20' parsers.
2015-10-25 02:56:45,964 - Velocimacro : "velocimacro.library" is not set.  Trying default library: VM_global_library.vm
2015-10-25 02:56:45,964 - Velocimacro : Default library not found.
2015-10-25 02:56:45,964 - Velocimacro : allowInline = true : VMs can be defined inline in templates
2015-10-25 02:56:45,964 - Velocimacro : allowInlineToOverride = false : VMs defined inline may NOT replace previous VM definitions
2015-10-25 02:56:45,964 - Velocimacro : allowInlineLocal = false : VMs defined inline will be global in scope if allowed.
2015-10-25 02:56:45,964 - Velocimacro : autoload off : VM system will not automatically reload global library macros
2015-10-25 02:57:10,270 - Log4JLogChute initialized using file 'velocity.log'
2015-10-25 02:57:10,270 - Velocity was not initialized! Calling init()...
2015-10-25 02:57:10,270 - Starting Apache Velocity v1.5 (compiled: 2007-02-22 08:52:29)
2015-10-25 02:57:10,270 - Default Properties File: org\apache\velocity\runtime\defaults\velocity.properties
2015-10-25 02:57:10,270 - Trying to use logger class org.apache.velocity.runtime.log.AvalonLogChute
2015-10-25 02:57:10,270 - Couldn't find class org.apache.velocity.runtime.log.AvalonLogChute or necessary supporting classes in classpath.
java.lang.NoClassDefFoundError: org/apache/log/format/Formatter
	at java.lang.Class.forName0(Native Method)
	at java.lang.Class.forName(Class.java:242)
	at org.apache.velocity.util.ClassUtils.getClass(ClassUtils.java:63)
	at org.apache.velocity.util.ClassUtils.getNewInstance(ClassUtils.java:95)
	at org.apache.velocity.runtime.log.LogManager.createLogChute(LogManager.java:147)
	at org.apache.velocity.runtime.log.LogManager.updateLog(LogManager.java:208)
	at org.apache.velocity.runtime.RuntimeInstance.initializeLog(RuntimeInstance.java:728)
	at org.apache.velocity.runtime.RuntimeInstance.init(RuntimeInstance.java:240)
	at org.apache.velocity.runtime.RuntimeInstance.parse(RuntimeInstance.java:993)
	at org.apache.velocity.runtime.RuntimeInstance.parse(RuntimeInstance.java:972)
	at org.apache.velocity.runtime.RuntimeSingleton.parse(RuntimeSingleton.java:265)
	at org.apache.velocity.app.Velocity.evaluate(Velocity.java:274)
	at org.sonatype.mavenbook.weather.WeatherFormatter.format(WeatherFormatter.java:23)
	at org.sonatype.mavenbook.weather.Main.start(Main.java:41)
	at org.sonatype.mavenbook.weather.Main.main(Main.java:24)
2015-10-25 02:57:10,270 - Trying to use logger class org.apache.velocity.runtime.log.Log4JLogChute
2015-10-25 02:57:10,270 - Using logger class org.apache.velocity.runtime.log.Log4JLogChute
2015-10-25 02:57:10,270 - Default ResourceManager initializing. (class org.apache.velocity.runtime.resource.ResourceManagerImpl)
2015-10-25 02:57:10,270 - ResourceLoader instantiated: org.apache.velocity.runtime.resource.loader.FileResourceLoader
2015-10-25 02:57:10,270 - Do unicode file recognition:  false
2015-10-25 02:57:10,270 - FileResourceLoader : adding path '.'
2015-10-25 02:57:10,286 - ResourceCache: initialized (class org.apache.velocity.runtime.resource.ResourceCacheImpl)
2015-10-25 02:57:10,286 - Loaded System Directive: org.apache.velocity.runtime.directive.Literal
2015-10-25 02:57:10,286 - Loaded System Directive: org.apache.velocity.runtime.directive.Macro
2015-10-25 02:57:10,286 - Loaded System Directive: org.apache.velocity.runtime.directive.Parse
2015-10-25 02:57:10,286 - Loaded System Directive: org.apache.velocity.runtime.directive.Include
2015-10-25 02:57:10,286 - Loaded System Directive: org.apache.velocity.runtime.directive.Foreach
2015-10-25 02:57:10,364 - Created '20' parsers.
2015-10-25 02:57:10,364 - Velocimacro : "velocimacro.library" is not set.  Trying default library: VM_global_library.vm
2015-10-25 02:57:10,364 - Velocimacro : Default library not found.
2015-10-25 02:57:10,364 - Velocimacro : allowInline = true : VMs can be defined inline in templates
2015-10-25 02:57:10,364 - Velocimacro : allowInlineToOverride = false : VMs defined inline may NOT replace previous VM definitions
2015-10-25 02:57:10,364 - Velocimacro : allowInlineLocal = false : VMs defined inline will be global in scope if allowed.
2015-10-25 02:57:10,364 - Velocimacro : autoload off : VM system will not automatically reload global library macros
2015-10-25 02:59:24,618 - Log4JLogChute initialized using file 'velocity.log'
2015-10-25 02:59:24,618 - Velocity was not initialized! Calling init()...
2015-10-25 02:59:24,618 - Starting Apache Velocity v1.5 (compiled: 2007-02-22 08:52:29)
2015-10-25 02:59:24,618 - Default Properties File: org\apache\velocity\runtime\defaults\velocity.properties
2015-10-25 02:59:24,618 - Trying to use logger class org.apache.velocity.runtime.log.AvalonLogChute
2015-10-25 02:59:24,618 - Couldn't find class org.apache.velocity.runtime.log.AvalonLogChute or necessary supporting classes in classpath.
java.lang.NoClassDefFoundError: org/apache/log/format/Formatter
	at java.lang.Class.forName0(Native Method)
	at java.lang.Class.forName(Class.java:242)
	at org.apache.velocity.util.ClassUtils.getClass(ClassUtils.java:63)
	at org.apache.velocity.util.ClassUtils.getNewInstance(ClassUtils.java:95)
	at org.apache.velocity.runtime.log.LogManager.createLogChute(LogManager.java:147)
	at org.apache.velocity.runtime.log.LogManager.updateLog(LogManager.java:208)
	at org.apache.velocity.runtime.RuntimeInstance.initializeLog(RuntimeInstance.java:728)
	at org.apache.velocity.runtime.RuntimeInstance.init(RuntimeInstance.java:240)
	at org.apache.velocity.runtime.RuntimeInstance.parse(RuntimeInstance.java:993)
	at org.apache.velocity.runtime.RuntimeInstance.parse(RuntimeInstance.java:972)
	at org.apache.velocity.runtime.RuntimeSingleton.parse(RuntimeSingleton.java:265)
	at org.apache.velocity.app.Velocity.evaluate(Velocity.java:274)
	at org.sonatype.mavenbook.weather.WeatherFormatter.format(WeatherFormatter.java:23)
	at org.sonatype.mavenbook.weather.Main.start(Main.java:41)
	at org.sonatype.mavenbook.weather.Main.main(Main.java:24)
2015-10-25 02:59:24,634 - Trying to use logger class org.apache.velocity.runtime.log.Log4JLogChute
2015-10-25 02:59:24,634 - Using logger class org.apache.velocity.runtime.log.Log4JLogChute
2015-10-25 02:59:24,634 - Default ResourceManager initializing. (class org.apache.velocity.runtime.resource.ResourceManagerImpl)
2015-10-25 02:59:24,634 - ResourceLoader instantiated: org.apache.velocity.runtime.resource.loader.FileResourceLoader
2015-10-25 02:59:24,634 - Do unicode file recognition:  false
2015-10-25 02:59:24,634 - FileResourceLoader : adding path '.'
2015-10-25 02:59:24,634 - ResourceCache: initialized (class org.apache.velocity.runtime.resource.ResourceCacheImpl)
2015-10-25 02:59:24,650 - Loaded System Directive: org.apache.velocity.runtime.directive.Literal
2015-10-25 02:59:24,650 - Loaded System Directive: org.apache.velocity.runtime.directive.Macro
2015-10-25 02:59:24,650 - Loaded System Directive: org.apache.velocity.runtime.directive.Parse
2015-10-25 02:59:24,650 - Loaded System Directive: org.apache.velocity.runtime.directive.Include
2015-10-25 02:59:24,650 - Loaded System Directive: org.apache.velocity.runtime.directive.Foreach
2015-10-25 02:59:24,681 - Created '20' parsers.
2015-10-25 02:59:24,681 - Velocimacro : "velocimacro.library" is not set.  Trying default library: VM_global_library.vm
2015-10-25 02:59:24,681 - Velocimacro : Default library not found.
2015-10-25 02:59:24,681 - Velocimacro : allowInline = true : VMs can be defined inline in templates
2015-10-25 02:59:24,681 - Velocimacro : allowInlineToOverride = false : VMs defined inline may NOT replace previous VM definitions
2015-10-25 02:59:24,681 - Velocimacro : allowInlineLocal = false : VMs defined inline will be global in scope if allowed.
2015-10-25 02:59:24,681 - Velocimacro : autoload off : VM system will not automatically reload global library macros
2015-10-25 02:59:45,132 - Log4JLogChute initialized using file 'velocity.log'
2015-10-25 02:59:45,132 - Velocity was not initialized! Calling init()...
2015-10-25 02:59:45,132 - Starting Apache Velocity v1.5 (compiled: 2007-02-22 08:52:29)
2015-10-25 02:59:45,132 - Default Properties File: org\apache\velocity\runtime\defaults\velocity.properties
2015-10-25 02:59:45,132 - Trying to use logger class org.apache.velocity.runtime.log.AvalonLogChute
2015-10-25 02:59:45,132 - Couldn't find class org.apache.velocity.runtime.log.AvalonLogChute or necessary supporting classes in classpath.
java.lang.NoClassDefFoundError: org/apache/log/format/Formatter
	at java.lang.Class.forName0(Native Method)
	at java.lang.Class.forName(Class.java:242)
	at org.apache.velocity.util.ClassUtils.getClass(ClassUtils.java:63)
	at org.apache.velocity.util.ClassUtils.getNewInstance(ClassUtils.java:95)
	at org.apache.velocity.runtime.log.LogManager.createLogChute(LogManager.java:147)
	at org.apache.velocity.runtime.log.LogManager.updateLog(LogManager.java:208)
	at org.apache.velocity.runtime.RuntimeInstance.initializeLog(RuntimeInstance.java:728)
	at org.apache.velocity.runtime.RuntimeInstance.init(RuntimeInstance.java:240)
	at org.apache.velocity.runtime.RuntimeInstance.parse(RuntimeInstance.java:993)
	at org.apache.velocity.runtime.RuntimeInstance.parse(RuntimeInstance.java:972)
	at org.apache.velocity.runtime.RuntimeSingleton.parse(RuntimeSingleton.java:265)
	at org.apache.velocity.app.Velocity.evaluate(Velocity.java:274)
	at org.sonatype.mavenbook.weather.WeatherFormatter.format(WeatherFormatter.java:23)
	at org.sonatype.mavenbook.weather.Main.start(Main.java:41)
	at org.sonatype.mavenbook.weather.Main.main(Main.java:24)
2015-10-25 02:59:45,132 - Trying to use logger class org.apache.velocity.runtime.log.Log4JLogChute
2015-10-25 02:59:45,132 - Using logger class org.apache.velocity.runtime.log.Log4JLogChute
2015-10-25 02:59:45,132 - Default ResourceManager initializing. (class org.apache.velocity.runtime.resource.ResourceManagerImpl)
2015-10-25 02:59:45,132 - ResourceLoader instantiated: org.apache.velocity.runtime.resource.loader.FileResourceLoader
2015-10-25 02:59:45,132 - Do unicode file recognition:  false
2015-10-25 02:59:45,132 - FileResourceLoader : adding path '.'
2015-10-25 02:59:45,147 - ResourceCache: initialized (class org.apache.velocity.runtime.resource.ResourceCacheImpl)
2015-10-25 02:59:45,147 - Loaded System Directive: org.apache.velocity.runtime.directive.Literal
2015-10-25 02:59:45,147 - Loaded System Directive: org.apache.velocity.runtime.directive.Macro
2015-10-25 02:59:45,147 - Loaded System Directive: org.apache.velocity.runtime.directive.Parse
2015-10-25 02:59:45,147 - Loaded System Directive: org.apache.velocity.runtime.directive.Include
2015-10-25 02:59:45,147 - Loaded System Directive: org.apache.velocity.runtime.directive.Foreach
2015-10-25 02:59:45,194 - Created '20' parsers.
2015-10-25 02:59:45,194 - Velocimacro : "velocimacro.library" is not set.  Trying default library: VM_global_library.vm
2015-10-25 02:59:45,194 - Velocimacro : Default library not found.
2015-10-25 02:59:45,194 - Velocimacro : allowInline = true : VMs can be defined inline in templates
2015-10-25 02:59:45,194 - Velocimacro : allowInlineToOverride = false : VMs defined inline may NOT replace previous VM definitions
2015-10-25 02:59:45,194 - Velocimacro : allowInlineLocal = false : VMs defined inline will be global in scope if allowed.
2015-10-25 02:59:45,194 - Velocimacro : autoload off : VM system will not automatically reload global library macros
2015-10-25 03:00:00,662 - Log4JLogChute initialized using file 'velocity.log'
2015-10-25 03:00:00,662 - Velocity was not initialized! Calling init()...
2015-10-25 03:00:00,662 - Starting Apache Velocity v1.5 (compiled: 2007-02-22 08:52:29)
2015-10-25 03:00:00,662 - Default Properties File: org\apache\velocity\runtime\defaults\velocity.properties
2015-10-25 03:00:00,662 - Trying to use logger class org.apache.velocity.runtime.log.AvalonLogChute
2015-10-25 03:00:00,662 - Couldn't find class org.apache.velocity.runtime.log.AvalonLogChute or necessary supporting classes in classpath.
java.lang.NoClassDefFoundError: org/apache/log/format/Formatter
	at java.lang.Class.forName0(Native Method)
	at java.lang.Class.forName(Class.java:242)
	at org.apache.velocity.util.ClassUtils.getClass(ClassUtils.java:63)
	at org.apache.velocity.util.ClassUtils.getNewInstance(ClassUtils.java:95)
	at org.apache.velocity.runtime.log.LogManager.createLogChute(LogManager.java:147)
	at org.apache.velocity.runtime.log.LogManager.updateLog(LogManager.java:208)
	at org.apache.velocity.runtime.RuntimeInstance.initializeLog(RuntimeInstance.java:728)
	at org.apache.velocity.runtime.RuntimeInstance.init(RuntimeInstance.java:240)
	at org.apache.velocity.runtime.RuntimeInstance.parse(RuntimeInstance.java:993)
	at org.apache.velocity.runtime.RuntimeInstance.parse(RuntimeInstance.java:972)
	at org.apache.velocity.runtime.RuntimeSingleton.parse(RuntimeSingleton.java:265)
	at org.apache.velocity.app.Velocity.evaluate(Velocity.java:274)
	at org.sonatype.mavenbook.weather.WeatherFormatter.format(WeatherFormatter.java:23)
	at org.sonatype.mavenbook.weather.Main.start(Main.java:41)
	at org.sonatype.mavenbook.weather.Main.main(Main.java:24)
2015-10-25 03:00:00,677 - Trying to use logger class org.apache.velocity.runtime.log.Log4JLogChute
2015-10-25 03:00:00,677 - Using logger class org.apache.velocity.runtime.log.Log4JLogChute
2015-10-25 03:00:00,677 - Default ResourceManager initializing. (class org.apache.velocity.runtime.resource.ResourceManagerImpl)
2015-10-25 03:00:00,677 - ResourceLoader instantiated: org.apache.velocity.runtime.resource.loader.FileResourceLoader
2015-10-25 03:00:00,677 - Do unicode file recognition:  false
2015-10-25 03:00:00,677 - FileResourceLoader : adding path '.'
2015-10-25 03:00:00,693 - ResourceCache: initialized (class org.apache.velocity.runtime.resource.ResourceCacheImpl)
2015-10-25 03:00:00,693 - Loaded System Directive: org.apache.velocity.runtime.directive.Literal
2015-10-25 03:00:00,693 - Loaded System Directive: org.apache.velocity.runtime.directive.Macro
2015-10-25 03:00:00,693 - Loaded System Directive: org.apache.velocity.runtime.directive.Parse
2015-10-25 03:00:00,693 - Loaded System Directive: org.apache.velocity.runtime.directive.Include
2015-10-25 03:00:00,693 - Loaded System Directive: org.apache.velocity.runtime.directive.Foreach
2015-10-25 03:00:00,724 - Created '20' parsers.
2015-10-25 03:00:00,724 - Velocimacro : "velocimacro.library" is not set.  Trying default library: VM_global_library.vm
2015-10-25 03:00:00,740 - Velocimacro : Default library not found.
2015-10-25 03:00:00,740 - Velocimacro : allowInline = true : VMs can be defined inline in templates
2015-10-25 03:00:00,740 - Velocimacro : allowInlineToOverride = false : VMs defined inline may NOT replace previous VM definitions
2015-10-25 03:00:00,740 - Velocimacro : allowInlineLocal = false : VMs defined inline will be global in scope if allowed.
2015-10-25 03:00:00,740 - Velocimacro : autoload off : VM system will not automatically reload global library macros
2015-10-25 03:00:08,126 - Log4JLogChute initialized using file 'velocity.log'
2015-10-25 03:00:08,126 - Velocity was not initialized! Calling init()...
2015-10-25 03:00:08,126 - Starting Apache Velocity v1.5 (compiled: 2007-02-22 08:52:29)
2015-10-25 03:00:08,126 - Default Properties File: org\apache\velocity\runtime\defaults\velocity.properties
2015-10-25 03:00:08,126 - Trying to use logger class org.apache.velocity.runtime.log.AvalonLogChute
2015-10-25 03:00:08,126 - Couldn't find class org.apache.velocity.runtime.log.AvalonLogChute or necessary supporting classes in classpath.
java.lang.NoClassDefFoundError: org/apache/log/format/Formatter
	at java.lang.Class.forName0(Native Method)
	at java.lang.Class.forName(Class.java:242)
	at org.apache.velocity.util.ClassUtils.getClass(ClassUtils.java:63)
	at org.apache.velocity.util.ClassUtils.getNewInstance(ClassUtils.java:95)
	at org.apache.velocity.runtime.log.LogManager.createLogChute(LogManager.java:147)
	at org.apache.velocity.runtime.log.LogManager.updateLog(LogManager.java:208)
	at org.apache.velocity.runtime.RuntimeInstance.initializeLog(RuntimeInstance.java:728)
	at org.apache.velocity.runtime.RuntimeInstance.init(RuntimeInstance.java:240)
	at org.apache.velocity.runtime.RuntimeInstance.parse(RuntimeInstance.java:993)
	at org.apache.velocity.runtime.RuntimeInstance.parse(RuntimeInstance.java:972)
	at org.apache.velocity.runtime.RuntimeSingleton.parse(RuntimeSingleton.java:265)
	at org.apache.velocity.app.Velocity.evaluate(Velocity.java:274)
	at org.sonatype.mavenbook.weather.WeatherFormatter.format(WeatherFormatter.java:23)
	at org.sonatype.mavenbook.weather.Main.start(Main.java:41)
	at org.sonatype.mavenbook.weather.Main.main(Main.java:24)
2015-10-25 03:00:08,126 - Trying to use logger class org.apache.velocity.runtime.log.Log4JLogChute
2015-10-25 03:00:08,126 - Using logger class org.apache.velocity.runtime.log.Log4JLogChute
2015-10-25 03:00:08,126 - Default ResourceManager initializing. (class org.apache.velocity.runtime.resource.ResourceManagerImpl)
2015-10-25 03:00:08,126 - ResourceLoader instantiated: org.apache.velocity.runtime.resource.loader.FileResourceLoader
2015-10-25 03:00:08,126 - Do unicode file recognition:  false
2015-10-25 03:00:08,126 - FileResourceLoader : adding path '.'
2015-10-25 03:00:08,141 - ResourceCache: initialized (class org.apache.velocity.runtime.resource.ResourceCacheImpl)
2015-10-25 03:00:08,141 - Loaded System Directive: org.apache.velocity.runtime.directive.Literal
2015-10-25 03:00:08,141 - Loaded System Directive: org.apache.velocity.runtime.directive.Macro
2015-10-25 03:00:08,141 - Loaded System Directive: org.apache.velocity.runtime.directive.Parse
2015-10-25 03:00:08,141 - Loaded System Directive: org.apache.velocity.runtime.directive.Include
2015-10-25 03:00:08,141 - Loaded System Directive: org.apache.velocity.runtime.directive.Foreach
2015-10-25 03:00:08,188 - Created '20' parsers.
2015-10-25 03:00:08,188 - Velocimacro : "velocimacro.library" is not set.  Trying default library: VM_global_library.vm
2015-10-25 03:00:08,188 - Velocimacro : Default library not found.
2015-10-25 03:00:08,188 - Velocimacro : allowInline = true : VMs can be defined inline in templates
2015-10-25 03:00:08,188 - Velocimacro : allowInlineToOverride = false : VMs defined inline may NOT replace previous VM definitions
2015-10-25 03:00:08,188 - Velocimacro : allowInlineLocal = false : VMs defined inline will be global in scope if allowed.
2015-10-25 03:00:08,188 - Velocimacro : autoload off : VM system will not automatically reload global library macros
