2015-10-25 00:54:29,761 - Log4JLogChute initialized using file 'velocity.log'
2015-10-25 00:54:29,761 - Velocity was not initialized! Calling init()...
2015-10-25 00:54:29,761 - Starting Apache Velocity v1.5 (compiled: 2007-02-22 08:52:29)
2015-10-25 00:54:29,761 - Default Properties File: org\apache\velocity\runtime\defaults\velocity.properties
2015-10-25 00:54:29,761 - Trying to use logger class org.apache.velocity.runtime.log.AvalonLogChute
2015-10-25 00:54:29,761 - Couldn't find class org.apache.velocity.runtime.log.AvalonLogChute or necessary supporting classes in classpath.
java.lang.NoClassDefFoundError: org/apache/log/format/Formatter
	at java.lang.Class.forName0(Native Method)
	at java.lang.Class.forName(Class.java:242)
	at org.apache.velocity.util.ClassUtils.getClass(ClassUtils.java:63)
	at org.apache.velocity.util.ClassUtils.getNewInstance(ClassUtils.java:95)
	at org.apache.velocity.runtime.log.LogManager.createLogChute(LogManager.java:147)
	at org.apache.velocity.runtime.log.LogManager.updateLog(LogManager.java:208)
	at org.apache.velocity.runtime.RuntimeInstance.initializeLog(RuntimeInstance.java:728)
	at org.apache.velocity.runtime.RuntimeInstance.init(RuntimeInstance.java:240)
	at org.apache.velocity.runtime.RuntimeInstance.parse(RuntimeInstance.java:993)
	at org.apache.velocity.runtime.RuntimeInstance.parse(RuntimeInstance.java:972)
	at org.apache.velocity.runtime.RuntimeSingleton.parse(RuntimeSingleton.java:265)
	at org.apache.velocity.app.Velocity.evaluate(Velocity.java:274)
	at org.sonatype.mavenbook.weather.WeatherFormatter.format(WeatherFormatter.java:23)
	at org.sonatype.mavenbook.weather.Main.start(Main.java:41)
	at org.sonatype.mavenbook.weather.Main.main(Main.java:24)
	at sun.reflect.NativeMethodAccessorImpl.invoke0(Native Method)
	at sun.reflect.NativeMethodAccessorImpl.invoke(NativeMethodAccessorImpl.java:39)
	at sun.reflect.DelegatingMethodAccessorImpl.invoke(DelegatingMethodAccessorImpl.java:25)
	at java.lang.reflect.Method.invoke(Method.java:592)
	at org.codehaus.mojo.exec.ExecJavaMojo$1.run(ExecJavaMojo.java:293)
	at java.lang.Thread.run(Thread.java:595)
2015-10-25 00:54:29,761 - Trying to use logger class org.apache.velocity.runtime.log.Log4JLogChute
2015-10-25 00:54:29,761 - Using logger class org.apache.velocity.runtime.log.Log4JLogChute
2015-10-25 00:54:29,776 - Default ResourceManager initializing. (class org.apache.velocity.runtime.resource.ResourceManagerImpl)
2015-10-25 00:54:29,776 - ResourceLoader instantiated: org.apache.velocity.runtime.resource.loader.FileResourceLoader
2015-10-25 00:54:29,776 - Do unicode file recognition:  false
2015-10-25 00:54:29,776 - FileResourceLoader : adding path '.'
2015-10-25 00:54:29,792 - ResourceCache: initialized (class org.apache.velocity.runtime.resource.ResourceCacheImpl)
2015-10-25 00:54:29,792 - Loaded System Directive: org.apache.velocity.runtime.directive.Literal
2015-10-25 00:54:29,808 - Loaded System Directive: org.apache.velocity.runtime.directive.Macro
2015-10-25 00:54:29,808 - Loaded System Directive: org.apache.velocity.runtime.directive.Parse
2015-10-25 00:54:29,808 - Loaded System Directive: org.apache.velocity.runtime.directive.Include
2015-10-25 00:54:29,808 - Loaded System Directive: org.apache.velocity.runtime.directive.Foreach
2015-10-25 00:54:29,823 - Created '20' parsers.
2015-10-25 00:54:29,823 - Velocimacro : "velocimacro.library" is not set.  Trying default library: VM_global_library.vm
2015-10-25 00:54:29,839 - Velocimacro : Default library not found.
2015-10-25 00:54:29,839 - Velocimacro : allowInline = true : VMs can be defined inline in templates
2015-10-25 00:54:29,839 - Velocimacro : allowInlineToOverride = false : VMs defined inline may NOT replace previous VM definitions
2015-10-25 00:54:29,839 - Velocimacro : allowInlineLocal = false : VMs defined inline will be global in scope if allowed.
2015-10-25 00:54:29,839 - Velocimacro : autoload off : VM system will not automatically reload global library macros
2015-10-25 00:57:30,281 - Log4JLogChute initialized using file 'velocity.log'
2015-10-25 00:57:30,281 - Velocity was not initialized! Calling init()...
2015-10-25 00:57:30,281 - Starting Apache Velocity v1.5 (compiled: 2007-02-22 08:52:29)
2015-10-25 00:57:30,281 - Default Properties File: org\apache\velocity\runtime\defaults\velocity.properties
2015-10-25 00:57:30,281 - Trying to use logger class org.apache.velocity.runtime.log.AvalonLogChute
2015-10-25 00:57:30,281 - Couldn't find class org.apache.velocity.runtime.log.AvalonLogChute or necessary supporting classes in classpath.
java.lang.NoClassDefFoundError: org/apache/log/format/Formatter
	at java.lang.Class.forName0(Native Method)
	at java.lang.Class.forName(Class.java:242)
	at org.apache.velocity.util.ClassUtils.getClass(ClassUtils.java:63)
	at org.apache.velocity.util.ClassUtils.getNewInstance(ClassUtils.java:95)
	at org.apache.velocity.runtime.log.LogManager.createLogChute(LogManager.java:147)
	at org.apache.velocity.runtime.log.LogManager.updateLog(LogManager.java:208)
	at org.apache.velocity.runtime.RuntimeInstance.initializeLog(RuntimeInstance.java:728)
	at org.apache.velocity.runtime.RuntimeInstance.init(RuntimeInstance.java:240)
	at org.apache.velocity.runtime.RuntimeInstance.parse(RuntimeInstance.java:993)
	at org.apache.velocity.runtime.RuntimeInstance.parse(RuntimeInstance.java:972)
	at org.apache.velocity.runtime.RuntimeSingleton.parse(RuntimeSingleton.java:265)
	at org.apache.velocity.app.Velocity.evaluate(Velocity.java:274)
	at org.sonatype.mavenbook.weather.WeatherFormatter.format(WeatherFormatter.java:23)
	at org.sonatype.mavenbook.weather.Main.start(Main.java:41)
	at org.sonatype.mavenbook.weather.Main.main(Main.java:24)
	at sun.reflect.NativeMethodAccessorImpl.invoke0(Native Method)
	at sun.reflect.NativeMethodAccessorImpl.invoke(NativeMethodAccessorImpl.java:39)
	at sun.reflect.DelegatingMethodAccessorImpl.invoke(DelegatingMethodAccessorImpl.java:25)
	at java.lang.reflect.Method.invoke(Method.java:592)
	at org.codehaus.mojo.exec.ExecJavaMojo$1.run(ExecJavaMojo.java:293)
	at java.lang.Thread.run(Thread.java:595)
2015-10-25 00:57:30,281 - Trying to use logger class org.apache.velocity.runtime.log.Log4JLogChute
2015-10-25 00:57:30,281 - Using logger class org.apache.velocity.runtime.log.Log4JLogChute
2015-10-25 00:57:30,281 - Default ResourceManager initializing. (class org.apache.velocity.runtime.resource.ResourceManagerImpl)
2015-10-25 00:57:30,281 - ResourceLoader instantiated: org.apache.velocity.runtime.resource.loader.FileResourceLoader
2015-10-25 00:57:30,281 - Do unicode file recognition:  false
2015-10-25 00:57:30,281 - FileResourceLoader : adding path '.'
2015-10-25 00:57:30,297 - ResourceCache: initialized (class org.apache.velocity.runtime.resource.ResourceCacheImpl)
2015-10-25 00:57:30,297 - Loaded System Directive: org.apache.velocity.runtime.directive.Literal
2015-10-25 00:57:30,297 - Loaded System Directive: org.apache.velocity.runtime.directive.Macro
2015-10-25 00:57:30,297 - Loaded System Directive: org.apache.velocity.runtime.directive.Parse
2015-10-25 00:57:30,297 - Loaded System Directive: org.apache.velocity.runtime.directive.Include
2015-10-25 00:57:30,297 - Loaded System Directive: org.apache.velocity.runtime.directive.Foreach
2015-10-25 00:57:30,328 - Created '20' parsers.
2015-10-25 00:57:30,328 - Velocimacro : "velocimacro.library" is not set.  Trying default library: VM_global_library.vm
2015-10-25 00:57:30,328 - Velocimacro : Default library not found.
2015-10-25 00:57:30,328 - Velocimacro : allowInline = true : VMs can be defined inline in templates
2015-10-25 00:57:30,328 - Velocimacro : allowInlineToOverride = false : VMs defined inline may NOT replace previous VM definitions
2015-10-25 00:57:30,328 - Velocimacro : allowInlineLocal = false : VMs defined inline will be global in scope if allowed.
2015-10-25 00:57:30,328 - Velocimacro : autoload off : VM system will not automatically reload global library macros
2015-10-25 00:57:44,618 - Log4JLogChute initialized using file 'velocity.log'
2015-10-25 00:57:44,618 - Velocity was not initialized! Calling init()...
2015-10-25 00:57:44,618 - Starting Apache Velocity v1.5 (compiled: 2007-02-22 08:52:29)
2015-10-25 00:57:44,618 - Default Properties File: org\apache\velocity\runtime\defaults\velocity.properties
2015-10-25 00:57:44,618 - Trying to use logger class org.apache.velocity.runtime.log.AvalonLogChute
2015-10-25 00:57:44,618 - Couldn't find class org.apache.velocity.runtime.log.AvalonLogChute or necessary supporting classes in classpath.
java.lang.NoClassDefFoundError: org/apache/log/format/Formatter
	at java.lang.Class.forName0(Native Method)
	at java.lang.Class.forName(Class.java:242)
	at org.apache.velocity.util.ClassUtils.getClass(ClassUtils.java:63)
	at org.apache.velocity.util.ClassUtils.getNewInstance(ClassUtils.java:95)
	at org.apache.velocity.runtime.log.LogManager.createLogChute(LogManager.java:147)
	at org.apache.velocity.runtime.log.LogManager.updateLog(LogManager.java:208)
	at org.apache.velocity.runtime.RuntimeInstance.initializeLog(RuntimeInstance.java:728)
	at org.apache.velocity.runtime.RuntimeInstance.init(RuntimeInstance.java:240)
	at org.apache.velocity.runtime.RuntimeInstance.parse(RuntimeInstance.java:993)
	at org.apache.velocity.runtime.RuntimeInstance.parse(RuntimeInstance.java:972)
	at org.apache.velocity.runtime.RuntimeSingleton.parse(RuntimeSingleton.java:265)
	at org.apache.velocity.app.Velocity.evaluate(Velocity.java:274)
	at org.sonatype.mavenbook.weather.WeatherFormatter.format(WeatherFormatter.java:23)
	at org.sonatype.mavenbook.weather.Main.start(Main.java:41)
	at org.sonatype.mavenbook.weather.Main.main(Main.java:24)
	at sun.reflect.NativeMethodAccessorImpl.invoke0(Native Method)
	at sun.reflect.NativeMethodAccessorImpl.invoke(NativeMethodAccessorImpl.java:39)
	at sun.reflect.DelegatingMethodAccessorImpl.invoke(DelegatingMethodAccessorImpl.java:25)
	at java.lang.reflect.Method.invoke(Method.java:592)
	at org.codehaus.mojo.exec.ExecJavaMojo$1.run(ExecJavaMojo.java:293)
	at java.lang.Thread.run(Thread.java:595)
2015-10-25 00:57:44,618 - Trying to use logger class org.apache.velocity.runtime.log.Log4JLogChute
2015-10-25 00:57:44,618 - Using logger class org.apache.velocity.runtime.log.Log4JLogChute
2015-10-25 00:57:44,618 - Default ResourceManager initializing. (class org.apache.velocity.runtime.resource.ResourceManagerImpl)
2015-10-25 00:57:44,618 - ResourceLoader instantiated: org.apache.velocity.runtime.resource.loader.FileResourceLoader
2015-10-25 00:57:44,618 - Do unicode file recognition:  false
2015-10-25 00:57:44,618 - FileResourceLoader : adding path '.'
2015-10-25 00:57:44,634 - ResourceCache: initialized (class org.apache.velocity.runtime.resource.ResourceCacheImpl)
2015-10-25 00:57:44,634 - Loaded System Directive: org.apache.velocity.runtime.directive.Literal
2015-10-25 00:57:44,634 - Loaded System Directive: org.apache.velocity.runtime.directive.Macro
2015-10-25 00:57:44,634 - Loaded System Directive: org.apache.velocity.runtime.directive.Parse
2015-10-25 00:57:44,634 - Loaded System Directive: org.apache.velocity.runtime.directive.Include
2015-10-25 00:57:44,634 - Loaded System Directive: org.apache.velocity.runtime.directive.Foreach
2015-10-25 00:57:44,712 - Created '20' parsers.
2015-10-25 00:57:44,712 - Velocimacro : "velocimacro.library" is not set.  Trying default library: VM_global_library.vm
2015-10-25 00:57:44,728 - Velocimacro : Default library not found.
2015-10-25 00:57:44,728 - Velocimacro : allowInline = true : VMs can be defined inline in templates
2015-10-25 00:57:44,728 - Velocimacro : allowInlineToOverride = false : VMs defined inline may NOT replace previous VM definitions
2015-10-25 00:57:44,728 - Velocimacro : allowInlineLocal = false : VMs defined inline will be global in scope if allowed.
2015-10-25 00:57:44,728 - Velocimacro : autoload off : VM system will not automatically reload global library macros
2015-10-25 02:25:12,965 - Log4JLogChute initialized using file 'velocity.log'
2015-10-25 02:25:12,965 - Velocity was not initialized! Calling init()...
2015-10-25 02:25:12,965 - Starting Apache Velocity v1.5 (compiled: 2007-02-22 08:52:29)
2015-10-25 02:25:12,965 - Default Properties File: org\apache\velocity\runtime\defaults\velocity.properties
2015-10-25 02:25:12,965 - Trying to use logger class org.apache.velocity.runtime.log.AvalonLogChute
2015-10-25 02:25:12,965 - Couldn't find class org.apache.velocity.runtime.log.AvalonLogChute or necessary supporting classes in classpath.
java.lang.NoClassDefFoundError: org/apache/log/format/Formatter
	at java.lang.Class.forName0(Native Method)
	at java.lang.Class.forName(Class.java:242)
	at org.apache.velocity.util.ClassUtils.getClass(ClassUtils.java:63)
	at org.apache.velocity.util.ClassUtils.getNewInstance(ClassUtils.java:95)
	at org.apache.velocity.runtime.log.LogManager.createLogChute(LogManager.java:147)
	at org.apache.velocity.runtime.log.LogManager.updateLog(LogManager.java:208)
	at org.apache.velocity.runtime.RuntimeInstance.initializeLog(RuntimeInstance.java:728)
	at org.apache.velocity.runtime.RuntimeInstance.init(RuntimeInstance.java:240)
	at org.apache.velocity.runtime.RuntimeInstance.parse(RuntimeInstance.java:993)
	at org.apache.velocity.runtime.RuntimeInstance.parse(RuntimeInstance.java:972)
	at org.apache.velocity.runtime.RuntimeSingleton.parse(RuntimeSingleton.java:265)
	at org.apache.velocity.app.Velocity.evaluate(Velocity.java:274)
	at org.sonatype.mavenbook.weather.WeatherFormatter.format(WeatherFormatter.java:23)
	at org.sonatype.mavenbook.weather.yahoo.WeatherFormatterTest.testFormat(WeatherFormatterTest.java:23)
	at sun.reflect.NativeMethodAccessorImpl.invoke0(Native Method)
	at sun.reflect.NativeMethodAccessorImpl.invoke(NativeMethodAccessorImpl.java:39)
	at sun.reflect.DelegatingMethodAccessorImpl.invoke(DelegatingMethodAccessorImpl.java:25)
	at java.lang.reflect.Method.invoke(Method.java:592)
	at junit.framework.TestCase.runTest(TestCase.java:154)
	at junit.framework.TestCase.runBare(TestCase.java:127)
	at junit.framework.TestResult$1.protect(TestResult.java:106)
	at junit.framework.TestResult.runProtected(TestResult.java:124)
	at junit.framework.TestResult.run(TestResult.java:109)
	at junit.framework.TestCase.run(TestCase.java:118)
	at junit.framework.TestSuite.runTest(TestSuite.java:208)
	at junit.framework.TestSuite.run(TestSuite.java:203)
	at sun.reflect.NativeMethodAccessorImpl.invoke0(Native Method)
	at sun.reflect.NativeMethodAccessorImpl.invoke(NativeMethodAccessorImpl.java:39)
	at sun.reflect.DelegatingMethodAccessorImpl.invoke(DelegatingMethodAccessorImpl.java:25)
	at java.lang.reflect.Method.invoke(Method.java:592)
	at org.apache.maven.surefire.junit.JUnitTestSet.execute(JUnitTestSet.java:95)
	at org.apache.maven.surefire.junit.JUnit3Provider.executeTestSet(JUnit3Provider.java:121)
	at org.apache.maven.surefire.junit.JUnit3Provider.invoke(JUnit3Provider.java:98)
	at sun.reflect.NativeMethodAccessorImpl.invoke0(Native Method)
	at sun.reflect.NativeMethodAccessorImpl.invoke(NativeMethodAccessorImpl.java:39)
	at sun.reflect.DelegatingMethodAccessorImpl.invoke(DelegatingMethodAccessorImpl.java:25)
	at java.lang.reflect.Method.invoke(Method.java:592)
	at org.apache.maven.surefire.util.ReflectionUtils.invokeMethodWithArray(ReflectionUtils.java:189)
	at org.apache.maven.surefire.booter.ProviderFactory$ProviderProxy.invoke(ProviderFactory.java:165)
	at org.apache.maven.surefire.booter.ProviderFactory.invokeProvider(ProviderFactory.java:85)
	at org.apache.maven.surefire.booter.ForkedBooter.runSuitesInProcess(ForkedBooter.java:115)
	at org.apache.maven.surefire.booter.ForkedBooter.main(ForkedBooter.java:75)
2015-10-25 02:25:12,965 - Trying to use logger class org.apache.velocity.runtime.log.Log4JLogChute
2015-10-25 02:25:12,965 - Using logger class org.apache.velocity.runtime.log.Log4JLogChute
2015-10-25 02:25:12,965 - Default ResourceManager initializing. (class org.apache.velocity.runtime.resource.ResourceManagerImpl)
2015-10-25 02:25:12,980 - ResourceLoader instantiated: org.apache.velocity.runtime.resource.loader.FileResourceLoader
2015-10-25 02:25:12,980 - Do unicode file recognition:  false
2015-10-25 02:25:12,980 - FileResourceLoader : adding path '.'
2015-10-25 02:25:12,980 - ResourceCache: initialized (class org.apache.velocity.runtime.resource.ResourceCacheImpl)
2015-10-25 02:25:12,996 - Loaded System Directive: org.apache.velocity.runtime.directive.Literal
2015-10-25 02:25:12,996 - Loaded System Directive: org.apache.velocity.runtime.directive.Macro
2015-10-25 02:25:12,996 - Loaded System Directive: org.apache.velocity.runtime.directive.Parse
2015-10-25 02:25:12,996 - Loaded System Directive: org.apache.velocity.runtime.directive.Include
2015-10-25 02:25:12,996 - Loaded System Directive: org.apache.velocity.runtime.directive.Foreach
2015-10-25 02:25:13,027 - Created '20' parsers.
2015-10-25 02:25:13,027 - Velocimacro : "velocimacro.library" is not set.  Trying default library: VM_global_library.vm
2015-10-25 02:25:13,027 - Velocimacro : Default library not found.
2015-10-25 02:25:13,027 - Velocimacro : allowInline = true : VMs can be defined inline in templates
2015-10-25 02:25:13,027 - Velocimacro : allowInlineToOverride = false : VMs defined inline may NOT replace previous VM definitions
2015-10-25 02:25:13,027 - Velocimacro : allowInlineLocal = false : VMs defined inline will be global in scope if allowed.
2015-10-25 02:25:13,027 - Velocimacro : autoload off : VM system will not automatically reload global library macros
2015-10-25 02:37:27,247 - Log4JLogChute initialized using file 'velocity.log'
2015-10-25 02:37:27,247 - Velocity was not initialized! Calling init()...
2015-10-25 02:37:27,247 - Starting Apache Velocity v1.5 (compiled: 2007-02-22 08:52:29)
2015-10-25 02:37:27,247 - Default Properties File: org\apache\velocity\runtime\defaults\velocity.properties
2015-10-25 02:37:27,247 - Trying to use logger class org.apache.velocity.runtime.log.AvalonLogChute
2015-10-25 02:37:27,247 - Couldn't find class org.apache.velocity.runtime.log.AvalonLogChute or necessary supporting classes in classpath.
java.lang.NoClassDefFoundError: org/apache/log/format/Formatter
	at java.lang.Class.forName0(Native Method)
	at java.lang.Class.forName(Class.java:242)
	at org.apache.velocity.util.ClassUtils.getClass(ClassUtils.java:63)
	at org.apache.velocity.util.ClassUtils.getNewInstance(ClassUtils.java:95)
	at org.apache.velocity.runtime.log.LogManager.createLogChute(LogManager.java:147)
	at org.apache.velocity.runtime.log.LogManager.updateLog(LogManager.java:208)
	at org.apache.velocity.runtime.RuntimeInstance.initializeLog(RuntimeInstance.java:728)
	at org.apache.velocity.runtime.RuntimeInstance.init(RuntimeInstance.java:240)
	at org.apache.velocity.runtime.RuntimeInstance.parse(RuntimeInstance.java:993)
	at org.apache.velocity.runtime.RuntimeInstance.parse(RuntimeInstance.java:972)
	at org.apache.velocity.runtime.RuntimeSingleton.parse(RuntimeSingleton.java:265)
	at org.apache.velocity.app.Velocity.evaluate(Velocity.java:274)
	at org.sonatype.mavenbook.weather.WeatherFormatter.format(WeatherFormatter.java:23)
	at org.sonatype.mavenbook.weather.yahoo.WeatherFormatterTest.testFormat(WeatherFormatterTest.java:23)
	at sun.reflect.NativeMethodAccessorImpl.invoke0(Native Method)
	at sun.reflect.NativeMethodAccessorImpl.invoke(NativeMethodAccessorImpl.java:39)
	at sun.reflect.DelegatingMethodAccessorImpl.invoke(DelegatingMethodAccessorImpl.java:25)
	at java.lang.reflect.Method.invoke(Method.java:592)
	at junit.framework.TestCase.runTest(TestCase.java:154)
	at junit.framework.TestCase.runBare(TestCase.java:127)
	at junit.framework.TestResult$1.protect(TestResult.java:106)
	at junit.framework.TestResult.runProtected(TestResult.java:124)
	at junit.framework.TestResult.run(TestResult.java:109)
	at junit.framework.TestCase.run(TestCase.java:118)
	at junit.framework.TestSuite.runTest(TestSuite.java:208)
	at junit.framework.TestSuite.run(TestSuite.java:203)
	at sun.reflect.NativeMethodAccessorImpl.invoke0(Native Method)
	at sun.reflect.NativeMethodAccessorImpl.invoke(NativeMethodAccessorImpl.java:39)
	at sun.reflect.DelegatingMethodAccessorImpl.invoke(DelegatingMethodAccessorImpl.java:25)
	at java.lang.reflect.Method.invoke(Method.java:592)
	at org.apache.maven.surefire.junit.JUnitTestSet.execute(JUnitTestSet.java:95)
	at org.apache.maven.surefire.junit.JUnit3Provider.executeTestSet(JUnit3Provider.java:121)
	at org.apache.maven.surefire.junit.JUnit3Provider.invoke(JUnit3Provider.java:98)
	at sun.reflect.NativeMethodAccessorImpl.invoke0(Native Method)
	at sun.reflect.NativeMethodAccessorImpl.invoke(NativeMethodAccessorImpl.java:39)
	at sun.reflect.DelegatingMethodAccessorImpl.invoke(DelegatingMethodAccessorImpl.java:25)
	at java.lang.reflect.Method.invoke(Method.java:592)
	at org.apache.maven.surefire.util.ReflectionUtils.invokeMethodWithArray(ReflectionUtils.java:189)
	at org.apache.maven.surefire.booter.ProviderFactory$ProviderProxy.invoke(ProviderFactory.java:165)
	at org.apache.maven.surefire.booter.ProviderFactory.invokeProvider(ProviderFactory.java:85)
	at org.apache.maven.surefire.booter.ForkedBooter.runSuitesInProcess(ForkedBooter.java:115)
	at org.apache.maven.surefire.booter.ForkedBooter.main(ForkedBooter.java:75)
2015-10-25 02:37:27,247 - Trying to use logger class org.apache.velocity.runtime.log.Log4JLogChute
2015-10-25 02:37:27,247 - Using logger class org.apache.velocity.runtime.log.Log4JLogChute
2015-10-25 02:37:27,247 - Default ResourceManager initializing. (class org.apache.velocity.runtime.resource.ResourceManagerImpl)
2015-10-25 02:37:27,247 - ResourceLoader instantiated: org.apache.velocity.runtime.resource.loader.FileResourceLoader
2015-10-25 02:37:27,247 - Do unicode file recognition:  false
2015-10-25 02:37:27,247 - FileResourceLoader : adding path '.'
2015-10-25 02:37:27,263 - ResourceCache: initialized (class org.apache.velocity.runtime.resource.ResourceCacheImpl)
2015-10-25 02:37:27,263 - Loaded System Directive: org.apache.velocity.runtime.directive.Literal
2015-10-25 02:37:27,263 - Loaded System Directive: org.apache.velocity.runtime.directive.Macro
2015-10-25 02:37:27,263 - Loaded System Directive: org.apache.velocity.runtime.directive.Parse
2015-10-25 02:37:27,263 - Loaded System Directive: org.apache.velocity.runtime.directive.Include
2015-10-25 02:37:27,263 - Loaded System Directive: org.apache.velocity.runtime.directive.Foreach
2015-10-25 02:37:27,306 - Created '20' parsers.
2015-10-25 02:37:27,315 - Velocimacro : "velocimacro.library" is not set.  Trying default library: VM_global_library.vm
2015-10-25 02:37:27,315 - Velocimacro : Default library not found.
2015-10-25 02:37:27,315 - Velocimacro : allowInline = true : VMs can be defined inline in templates
2015-10-25 02:37:27,315 - Velocimacro : allowInlineToOverride = false : VMs defined inline may NOT replace previous VM definitions
2015-10-25 02:37:27,315 - Velocimacro : allowInlineLocal = false : VMs defined inline will be global in scope if allowed.
2015-10-25 02:37:27,315 - Velocimacro : autoload off : VM system will not automatically reload global library macros
2015-10-25 02:42:39,675 - Log4JLogChute initialized using file 'velocity.log'
2015-10-25 02:42:39,675 - Velocity was not initialized! Calling init()...
2015-10-25 02:42:39,675 - Starting Apache Velocity v1.5 (compiled: 2007-02-22 08:52:29)
2015-10-25 02:42:39,675 - Default Properties File: org\apache\velocity\runtime\defaults\velocity.properties
2015-10-25 02:42:39,675 - Trying to use logger class org.apache.velocity.runtime.log.AvalonLogChute
2015-10-25 02:42:39,675 - Couldn't find class org.apache.velocity.runtime.log.AvalonLogChute or necessary supporting classes in classpath.
java.lang.NoClassDefFoundError: org/apache/log/format/Formatter
	at java.lang.Class.forName0(Native Method)
	at java.lang.Class.forName(Class.java:242)
	at org.apache.velocity.util.ClassUtils.getClass(ClassUtils.java:63)
	at org.apache.velocity.util.ClassUtils.getNewInstance(ClassUtils.java:95)
	at org.apache.velocity.runtime.log.LogManager.createLogChute(LogManager.java:147)
	at org.apache.velocity.runtime.log.LogManager.updateLog(LogManager.java:208)
	at org.apache.velocity.runtime.RuntimeInstance.initializeLog(RuntimeInstance.java:728)
	at org.apache.velocity.runtime.RuntimeInstance.init(RuntimeInstance.java:240)
	at org.apache.velocity.runtime.RuntimeInstance.parse(RuntimeInstance.java:993)
	at org.apache.velocity.runtime.RuntimeInstance.parse(RuntimeInstance.java:972)
	at org.apache.velocity.runtime.RuntimeSingleton.parse(RuntimeSingleton.java:265)
	at org.apache.velocity.app.Velocity.evaluate(Velocity.java:274)
	at org.sonatype.mavenbook.weather.WeatherFormatter.format(WeatherFormatter.java:23)
	at org.sonatype.mavenbook.weather.yahoo.WeatherFormatterTest.testFormat(WeatherFormatterTest.java:23)
	at sun.reflect.NativeMethodAccessorImpl.invoke0(Native Method)
	at sun.reflect.NativeMethodAccessorImpl.invoke(NativeMethodAccessorImpl.java:39)
	at sun.reflect.DelegatingMethodAccessorImpl.invoke(DelegatingMethodAccessorImpl.java:25)
	at java.lang.reflect.Method.invoke(Method.java:592)
	at junit.framework.TestCase.runTest(TestCase.java:154)
	at junit.framework.TestCase.runBare(TestCase.java:127)
	at junit.framework.TestResult$1.protect(TestResult.java:106)
	at junit.framework.TestResult.runProtected(TestResult.java:124)
	at junit.framework.TestResult.run(TestResult.java:109)
	at junit.framework.TestCase.run(TestCase.java:118)
	at junit.framework.TestSuite.runTest(TestSuite.java:208)
	at junit.framework.TestSuite.run(TestSuite.java:203)
	at sun.reflect.NativeMethodAccessorImpl.invoke0(Native Method)
	at sun.reflect.NativeMethodAccessorImpl.invoke(NativeMethodAccessorImpl.java:39)
	at sun.reflect.DelegatingMethodAccessorImpl.invoke(DelegatingMethodAccessorImpl.java:25)
	at java.lang.reflect.Method.invoke(Method.java:592)
	at org.apache.maven.surefire.junit.JUnitTestSet.execute(JUnitTestSet.java:95)
	at org.apache.maven.surefire.junit.JUnit3Provider.executeTestSet(JUnit3Provider.java:121)
	at org.apache.maven.surefire.junit.JUnit3Provider.invoke(JUnit3Provider.java:98)
	at sun.reflect.NativeMethodAccessorImpl.invoke0(Native Method)
	at sun.reflect.NativeMethodAccessorImpl.invoke(NativeMethodAccessorImpl.java:39)
	at sun.reflect.DelegatingMethodAccessorImpl.invoke(DelegatingMethodAccessorImpl.java:25)
	at java.lang.reflect.Method.invoke(Method.java:592)
	at org.apache.maven.surefire.util.ReflectionUtils.invokeMethodWithArray(ReflectionUtils.java:189)
	at org.apache.maven.surefire.booter.ProviderFactory$ProviderProxy.invoke(ProviderFactory.java:165)
	at org.apache.maven.surefire.booter.ProviderFactory.invokeProvider(ProviderFactory.java:85)
	at org.apache.maven.surefire.booter.ForkedBooter.runSuitesInProcess(ForkedBooter.java:115)
	at org.apache.maven.surefire.booter.ForkedBooter.main(ForkedBooter.java:75)
2015-10-25 02:42:39,675 - Trying to use logger class org.apache.velocity.runtime.log.Log4JLogChute
2015-10-25 02:42:39,675 - Using logger class org.apache.velocity.runtime.log.Log4JLogChute
2015-10-25 02:42:39,675 - Default ResourceManager initializing. (class org.apache.velocity.runtime.resource.ResourceManagerImpl)
2015-10-25 02:42:39,675 - ResourceLoader instantiated: org.apache.velocity.runtime.resource.loader.FileResourceLoader
2015-10-25 02:42:39,675 - Do unicode file recognition:  false
2015-10-25 02:42:39,675 - FileResourceLoader : adding path '.'
2015-10-25 02:42:39,690 - ResourceCache: initialized (class org.apache.velocity.runtime.resource.ResourceCacheImpl)
2015-10-25 02:42:39,690 - Loaded System Directive: org.apache.velocity.runtime.directive.Literal
2015-10-25 02:42:39,690 - Loaded System Directive: org.apache.velocity.runtime.directive.Macro
2015-10-25 02:42:39,690 - Loaded System Directive: org.apache.velocity.runtime.directive.Parse
2015-10-25 02:42:39,690 - Loaded System Directive: org.apache.velocity.runtime.directive.Include
2015-10-25 02:42:39,690 - Loaded System Directive: org.apache.velocity.runtime.directive.Foreach
2015-10-25 02:42:39,737 - Created '20' parsers.
2015-10-25 02:42:39,737 - Velocimacro : "velocimacro.library" is not set.  Trying default library: VM_global_library.vm
2015-10-25 02:42:39,737 - Velocimacro : Default library not found.
2015-10-25 02:42:39,737 - Velocimacro : allowInline = true : VMs can be defined inline in templates
2015-10-25 02:42:39,737 - Velocimacro : allowInlineToOverride = false : VMs defined inline may NOT replace previous VM definitions
2015-10-25 02:42:39,737 - Velocimacro : allowInlineLocal = false : VMs defined inline will be global in scope if allowed.
2015-10-25 02:42:39,737 - Velocimacro : autoload off : VM system will not automatically reload global library macros
2015-10-25 02:50:22,613 - Log4JLogChute initialized using file 'velocity.log'
2015-10-25 02:50:22,613 - Velocity was not initialized! Calling init()...
2015-10-25 02:50:22,613 - Starting Apache Velocity v1.5 (compiled: 2007-02-22 08:52:29)
2015-10-25 02:50:22,613 - Default Properties File: org\apache\velocity\runtime\defaults\velocity.properties
2015-10-25 02:50:22,613 - Trying to use logger class org.apache.velocity.runtime.log.AvalonLogChute
2015-10-25 02:50:22,613 - Couldn't find class org.apache.velocity.runtime.log.AvalonLogChute or necessary supporting classes in classpath.
java.lang.NoClassDefFoundError: org/apache/log/format/Formatter
	at java.lang.Class.forName0(Native Method)
	at java.lang.Class.forName(Class.java:242)
	at org.apache.velocity.util.ClassUtils.getClass(ClassUtils.java:63)
	at org.apache.velocity.util.ClassUtils.getNewInstance(ClassUtils.java:95)
	at org.apache.velocity.runtime.log.LogManager.createLogChute(LogManager.java:147)
	at org.apache.velocity.runtime.log.LogManager.updateLog(LogManager.java:208)
	at org.apache.velocity.runtime.RuntimeInstance.initializeLog(RuntimeInstance.java:728)
	at org.apache.velocity.runtime.RuntimeInstance.init(RuntimeInstance.java:240)
	at org.apache.velocity.runtime.RuntimeInstance.parse(RuntimeInstance.java:993)
	at org.apache.velocity.runtime.RuntimeInstance.parse(RuntimeInstance.java:972)
	at org.apache.velocity.runtime.RuntimeSingleton.parse(RuntimeSingleton.java:265)
	at org.apache.velocity.app.Velocity.evaluate(Velocity.java:274)
	at org.sonatype.mavenbook.weather.WeatherFormatter.format(WeatherFormatter.java:23)
	at org.sonatype.mavenbook.weather.yahoo.WeatherFormatterTest.testFormat(WeatherFormatterTest.java:23)
	at sun.reflect.NativeMethodAccessorImpl.invoke0(Native Method)
	at sun.reflect.NativeMethodAccessorImpl.invoke(NativeMethodAccessorImpl.java:39)
	at sun.reflect.DelegatingMethodAccessorImpl.invoke(DelegatingMethodAccessorImpl.java:25)
	at java.lang.reflect.Method.invoke(Method.java:592)
	at junit.framework.TestCase.runTest(TestCase.java:154)
	at junit.framework.TestCase.runBare(TestCase.java:127)
	at junit.framework.TestResult$1.protect(TestResult.java:106)
	at junit.framework.TestResult.runProtected(TestResult.java:124)
	at junit.framework.TestResult.run(TestResult.java:109)
	at junit.framework.TestCase.run(TestCase.java:118)
	at junit.framework.TestSuite.runTest(TestSuite.java:208)
	at junit.framework.TestSuite.run(TestSuite.java:203)
	at sun.reflect.NativeMethodAccessorImpl.invoke0(Native Method)
	at sun.reflect.NativeMethodAccessorImpl.invoke(NativeMethodAccessorImpl.java:39)
	at sun.reflect.DelegatingMethodAccessorImpl.invoke(DelegatingMethodAccessorImpl.java:25)
	at java.lang.reflect.Method.invoke(Method.java:592)
	at org.apache.maven.surefire.junit.JUnitTestSet.execute(JUnitTestSet.java:95)
	at org.apache.maven.surefire.junit.JUnit3Provider.executeTestSet(JUnit3Provider.java:121)
	at org.apache.maven.surefire.junit.JUnit3Provider.invoke(JUnit3Provider.java:98)
	at sun.reflect.NativeMethodAccessorImpl.invoke0(Native Method)
	at sun.reflect.NativeMethodAccessorImpl.invoke(NativeMethodAccessorImpl.java:39)
	at sun.reflect.DelegatingMethodAccessorImpl.invoke(DelegatingMethodAccessorImpl.java:25)
	at java.lang.reflect.Method.invoke(Method.java:592)
	at org.apache.maven.surefire.util.ReflectionUtils.invokeMethodWithArray(ReflectionUtils.java:189)
	at org.apache.maven.surefire.booter.ProviderFactory$ProviderProxy.invoke(ProviderFactory.java:165)
	at org.apache.maven.surefire.booter.ProviderFactory.invokeProvider(ProviderFactory.java:85)
	at org.apache.maven.surefire.booter.ForkedBooter.runSuitesInProcess(ForkedBooter.java:115)
	at org.apache.maven.surefire.booter.ForkedBooter.main(ForkedBooter.java:75)
2015-10-25 02:50:22,613 - Trying to use logger class org.apache.velocity.runtime.log.Log4JLogChute
2015-10-25 02:50:22,613 - Using logger class org.apache.velocity.runtime.log.Log4JLogChute
2015-10-25 02:50:22,613 - Default ResourceManager initializing. (class org.apache.velocity.runtime.resource.ResourceManagerImpl)
2015-10-25 02:50:22,613 - ResourceLoader instantiated: org.apache.velocity.runtime.resource.loader.FileResourceLoader
2015-10-25 02:50:22,613 - Do unicode file recognition:  false
2015-10-25 02:50:22,613 - FileResourceLoader : adding path '.'
2015-10-25 02:50:22,629 - ResourceCache: initialized (class org.apache.velocity.runtime.resource.ResourceCacheImpl)
2015-10-25 02:50:22,629 - Loaded System Directive: org.apache.velocity.runtime.directive.Literal
2015-10-25 02:50:22,629 - Loaded System Directive: org.apache.velocity.runtime.directive.Macro
2015-10-25 02:50:22,629 - Loaded System Directive: org.apache.velocity.runtime.directive.Parse
2015-10-25 02:50:22,645 - Loaded System Directive: org.apache.velocity.runtime.directive.Include
2015-10-25 02:50:22,645 - Loaded System Directive: org.apache.velocity.runtime.directive.Foreach
2015-10-25 02:50:22,676 - Created '20' parsers.
2015-10-25 02:50:22,676 - Velocimacro : "velocimacro.library" is not set.  Trying default library: VM_global_library.vm
2015-10-25 02:50:22,676 - Velocimacro : Default library not found.
2015-10-25 02:50:22,676 - Velocimacro : allowInline = true : VMs can be defined inline in templates
2015-10-25 02:50:22,676 - Velocimacro : allowInlineToOverride = false : VMs defined inline may NOT replace previous VM definitions
2015-10-25 02:50:22,676 - Velocimacro : allowInlineLocal = false : VMs defined inline will be global in scope if allowed.
2015-10-25 02:50:22,676 - Velocimacro : autoload off : VM system will not automatically reload global library macros
2015-10-25 02:55:02,622 - Log4JLogChute initialized using file 'velocity.log'
2015-10-25 02:55:02,622 - Velocity was not initialized! Calling init()...
2015-10-25 02:55:02,622 - Starting Apache Velocity v1.5 (compiled: 2007-02-22 08:52:29)
2015-10-25 02:55:02,622 - Default Properties File: org\apache\velocity\runtime\defaults\velocity.properties
2015-10-25 02:55:02,622 - Trying to use logger class org.apache.velocity.runtime.log.AvalonLogChute
2015-10-25 02:55:02,622 - Couldn't find class org.apache.velocity.runtime.log.AvalonLogChute or necessary supporting classes in classpath.
java.lang.NoClassDefFoundError: org/apache/log/format/Formatter
	at java.lang.Class.forName0(Native Method)
	at java.lang.Class.forName(Class.java:242)
	at org.apache.velocity.util.ClassUtils.getClass(ClassUtils.java:63)
	at org.apache.velocity.util.ClassUtils.getNewInstance(ClassUtils.java:95)
	at org.apache.velocity.runtime.log.LogManager.createLogChute(LogManager.java:147)
	at org.apache.velocity.runtime.log.LogManager.updateLog(LogManager.java:208)
	at org.apache.velocity.runtime.RuntimeInstance.initializeLog(RuntimeInstance.java:728)
	at org.apache.velocity.runtime.RuntimeInstance.init(RuntimeInstance.java:240)
	at org.apache.velocity.runtime.RuntimeInstance.parse(RuntimeInstance.java:993)
	at org.apache.velocity.runtime.RuntimeInstance.parse(RuntimeInstance.java:972)
	at org.apache.velocity.runtime.RuntimeSingleton.parse(RuntimeSingleton.java:265)
	at org.apache.velocity.app.Velocity.evaluate(Velocity.java:274)
	at org.sonatype.mavenbook.weather.WeatherFormatter.format(WeatherFormatter.java:23)
	at org.sonatype.mavenbook.weather.yahoo.WeatherFormatterTest.testFormat(WeatherFormatterTest.java:23)
	at sun.reflect.NativeMethodAccessorImpl.invoke0(Native Method)
	at sun.reflect.NativeMethodAccessorImpl.invoke(NativeMethodAccessorImpl.java:39)
	at sun.reflect.DelegatingMethodAccessorImpl.invoke(DelegatingMethodAccessorImpl.java:25)
	at java.lang.reflect.Method.invoke(Method.java:592)
	at junit.framework.TestCase.runTest(TestCase.java:154)
	at junit.framework.TestCase.runBare(TestCase.java:127)
	at junit.framework.TestResult$1.protect(TestResult.java:106)
	at junit.framework.TestResult.runProtected(TestResult.java:124)
	at junit.framework.TestResult.run(TestResult.java:109)
	at junit.framework.TestCase.run(TestCase.java:118)
	at junit.framework.TestSuite.runTest(TestSuite.java:208)
	at junit.framework.TestSuite.run(TestSuite.java:203)
	at sun.reflect.NativeMethodAccessorImpl.invoke0(Native Method)
	at sun.reflect.NativeMethodAccessorImpl.invoke(NativeMethodAccessorImpl.java:39)
	at sun.reflect.DelegatingMethodAccessorImpl.invoke(DelegatingMethodAccessorImpl.java:25)
	at java.lang.reflect.Method.invoke(Method.java:592)
	at org.apache.maven.surefire.junit.JUnitTestSet.execute(JUnitTestSet.java:95)
	at org.apache.maven.surefire.junit.JUnit3Provider.executeTestSet(JUnit3Provider.java:121)
	at org.apache.maven.surefire.junit.JUnit3Provider.invoke(JUnit3Provider.java:98)
	at sun.reflect.NativeMethodAccessorImpl.invoke0(Native Method)
	at sun.reflect.NativeMethodAccessorImpl.invoke(NativeMethodAccessorImpl.java:39)
	at sun.reflect.DelegatingMethodAccessorImpl.invoke(DelegatingMethodAccessorImpl.java:25)
	at java.lang.reflect.Method.invoke(Method.java:592)
	at org.apache.maven.surefire.util.ReflectionUtils.invokeMethodWithArray(ReflectionUtils.java:189)
	at org.apache.maven.surefire.booter.ProviderFactory$ProviderProxy.invoke(ProviderFactory.java:165)
	at org.apache.maven.surefire.booter.ProviderFactory.invokeProvider(ProviderFactory.java:85)
	at org.apache.maven.surefire.booter.ForkedBooter.runSuitesInProcess(ForkedBooter.java:115)
	at org.apache.maven.surefire.booter.ForkedBooter.main(ForkedBooter.java:75)
2015-10-25 02:55:02,622 - Trying to use logger class org.apache.velocity.runtime.log.Log4JLogChute
2015-10-25 02:55:02,622 - Using logger class org.apache.velocity.runtime.log.Log4JLogChute
2015-10-25 02:55:02,622 - Default ResourceManager initializing. (class org.apache.velocity.runtime.resource.ResourceManagerImpl)
2015-10-25 02:55:02,622 - ResourceLoader instantiated: org.apache.velocity.runtime.resource.loader.FileResourceLoader
2015-10-25 02:55:02,622 - Do unicode file recognition:  false
2015-10-25 02:55:02,622 - FileResourceLoader : adding path '.'
2015-10-25 02:55:02,637 - ResourceCache: initialized (class org.apache.velocity.runtime.resource.ResourceCacheImpl)
2015-10-25 02:55:02,637 - Loaded System Directive: org.apache.velocity.runtime.directive.Literal
2015-10-25 02:55:02,637 - Loaded System Directive: org.apache.velocity.runtime.directive.Macro
2015-10-25 02:55:02,637 - Loaded System Directive: org.apache.velocity.runtime.directive.Parse
2015-10-25 02:55:02,637 - Loaded System Directive: org.apache.velocity.runtime.directive.Include
2015-10-25 02:55:02,637 - Loaded System Directive: org.apache.velocity.runtime.directive.Foreach
2015-10-25 02:55:02,686 - Created '20' parsers.
2015-10-25 02:55:02,686 - Velocimacro : "velocimacro.library" is not set.  Trying default library: VM_global_library.vm
2015-10-25 02:55:02,686 - Velocimacro : Default library not found.
2015-10-25 02:55:02,686 - Velocimacro : allowInline = true : VMs can be defined inline in templates
2015-10-25 02:55:02,686 - Velocimacro : allowInlineToOverride = false : VMs defined inline may NOT replace previous VM definitions
2015-10-25 02:55:02,686 - Velocimacro : allowInlineLocal = false : VMs defined inline will be global in scope if allowed.
2015-10-25 02:55:02,686 - Velocimacro : autoload off : VM system will not automatically reload global library macros
2015-10-25 03:06:59,960 - Log4JLogChute initialized using file 'velocity.log'
2015-10-25 03:06:59,960 - Velocity was not initialized! Calling init()...
2015-10-25 03:06:59,960 - Starting Apache Velocity v1.5 (compiled: 2007-02-22 08:52:29)
2015-10-25 03:06:59,960 - Default Properties File: org\apache\velocity\runtime\defaults\velocity.properties
2015-10-25 03:06:59,960 - Trying to use logger class org.apache.velocity.runtime.log.AvalonLogChute
2015-10-25 03:06:59,960 - Couldn't find class org.apache.velocity.runtime.log.AvalonLogChute or necessary supporting classes in classpath.
java.lang.NoClassDefFoundError: org/apache/log/format/Formatter
	at java.lang.Class.forName0(Native Method)
	at java.lang.Class.forName(Class.java:242)
	at org.apache.velocity.util.ClassUtils.getClass(ClassUtils.java:63)
	at org.apache.velocity.util.ClassUtils.getNewInstance(ClassUtils.java:95)
	at org.apache.velocity.runtime.log.LogManager.createLogChute(LogManager.java:147)
	at org.apache.velocity.runtime.log.LogManager.updateLog(LogManager.java:208)
	at org.apache.velocity.runtime.RuntimeInstance.initializeLog(RuntimeInstance.java:728)
	at org.apache.velocity.runtime.RuntimeInstance.init(RuntimeInstance.java:240)
	at org.apache.velocity.runtime.RuntimeInstance.parse(RuntimeInstance.java:993)
	at org.apache.velocity.runtime.RuntimeInstance.parse(RuntimeInstance.java:972)
	at org.apache.velocity.runtime.RuntimeSingleton.parse(RuntimeSingleton.java:265)
	at org.apache.velocity.app.Velocity.evaluate(Velocity.java:274)
	at org.sonatype.mavenbook.weather.WeatherFormatter.format(WeatherFormatter.java:23)
	at org.sonatype.mavenbook.weather.yahoo.WeatherFormatterTest.testFormat(WeatherFormatterTest.java:23)
	at sun.reflect.NativeMethodAccessorImpl.invoke0(Native Method)
	at sun.reflect.NativeMethodAccessorImpl.invoke(NativeMethodAccessorImpl.java:39)
	at sun.reflect.DelegatingMethodAccessorImpl.invoke(DelegatingMethodAccessorImpl.java:25)
	at java.lang.reflect.Method.invoke(Method.java:592)
	at junit.framework.TestCase.runTest(TestCase.java:154)
	at junit.framework.TestCase.runBare(TestCase.java:127)
	at junit.framework.TestResult$1.protect(TestResult.java:106)
	at junit.framework.TestResult.runProtected(TestResult.java:124)
	at junit.framework.TestResult.run(TestResult.java:109)
	at junit.framework.TestCase.run(TestCase.java:118)
	at junit.framework.TestSuite.runTest(TestSuite.java:208)
	at junit.framework.TestSuite.run(TestSuite.java:203)
	at sun.reflect.NativeMethodAccessorImpl.invoke0(Native Method)
	at sun.reflect.NativeMethodAccessorImpl.invoke(NativeMethodAccessorImpl.java:39)
	at sun.reflect.DelegatingMethodAccessorImpl.invoke(DelegatingMethodAccessorImpl.java:25)
	at java.lang.reflect.Method.invoke(Method.java:592)
	at org.apache.maven.surefire.junit.JUnitTestSet.execute(JUnitTestSet.java:95)
	at org.apache.maven.surefire.junit.JUnit3Provider.executeTestSet(JUnit3Provider.java:121)
	at org.apache.maven.surefire.junit.JUnit3Provider.invoke(JUnit3Provider.java:98)
	at sun.reflect.NativeMethodAccessorImpl.invoke0(Native Method)
	at sun.reflect.NativeMethodAccessorImpl.invoke(NativeMethodAccessorImpl.java:39)
	at sun.reflect.DelegatingMethodAccessorImpl.invoke(DelegatingMethodAccessorImpl.java:25)
	at java.lang.reflect.Method.invoke(Method.java:592)
	at org.apache.maven.surefire.util.ReflectionUtils.invokeMethodWithArray(ReflectionUtils.java:189)
	at org.apache.maven.surefire.booter.ProviderFactory$ProviderProxy.invoke(ProviderFactory.java:165)
	at org.apache.maven.surefire.booter.ProviderFactory.invokeProvider(ProviderFactory.java:85)
	at org.apache.maven.surefire.booter.ForkedBooter.runSuitesInProcess(ForkedBooter.java:115)
	at org.apache.maven.surefire.booter.ForkedBooter.main(ForkedBooter.java:75)
2015-10-25 03:06:59,960 - Trying to use logger class org.apache.velocity.runtime.log.Log4JLogChute
2015-10-25 03:06:59,960 - Using logger class org.apache.velocity.runtime.log.Log4JLogChute
2015-10-25 03:06:59,960 - Default ResourceManager initializing. (class org.apache.velocity.runtime.resource.ResourceManagerImpl)
2015-10-25 03:06:59,960 - ResourceLoader instantiated: org.apache.velocity.runtime.resource.loader.FileResourceLoader
2015-10-25 03:06:59,960 - Do unicode file recognition:  false
2015-10-25 03:06:59,976 - FileResourceLoader : adding path '.'
2015-10-25 03:06:59,976 - ResourceCache: initialized (class org.apache.velocity.runtime.resource.ResourceCacheImpl)
2015-10-25 03:06:59,976 - Loaded System Directive: org.apache.velocity.runtime.directive.Literal
2015-10-25 03:06:59,992 - Loaded System Directive: org.apache.velocity.runtime.directive.Macro
2015-10-25 03:06:59,992 - Loaded System Directive: org.apache.velocity.runtime.directive.Parse
2015-10-25 03:06:59,992 - Loaded System Directive: org.apache.velocity.runtime.directive.Include
2015-10-25 03:06:59,992 - Loaded System Directive: org.apache.velocity.runtime.directive.Foreach
2015-10-25 03:07:00,023 - Created '20' parsers.
2015-10-25 03:07:00,023 - Velocimacro : "velocimacro.library" is not set.  Trying default library: VM_global_library.vm
2015-10-25 03:07:00,023 - Velocimacro : Default library not found.
2015-10-25 03:07:00,023 - Velocimacro : allowInline = true : VMs can be defined inline in templates
2015-10-25 03:07:00,023 - Velocimacro : allowInlineToOverride = false : VMs defined inline may NOT replace previous VM definitions
2015-10-25 03:07:00,023 - Velocimacro : allowInlineLocal = false : VMs defined inline will be global in scope if allowed.
2015-10-25 03:07:00,023 - Velocimacro : autoload off : VM system will not automatically reload global library macros
2015-10-25 03:07:18,375 - Log4JLogChute initialized using file 'velocity.log'
2015-10-25 03:07:18,375 - Velocity was not initialized! Calling init()...
2015-10-25 03:07:18,375 - Starting Apache Velocity v1.5 (compiled: 2007-02-22 08:52:29)
2015-10-25 03:07:18,375 - Default Properties File: org\apache\velocity\runtime\defaults\velocity.properties
2015-10-25 03:07:18,375 - Trying to use logger class org.apache.velocity.runtime.log.AvalonLogChute
2015-10-25 03:07:18,375 - Couldn't find class org.apache.velocity.runtime.log.AvalonLogChute or necessary supporting classes in classpath.
java.lang.NoClassDefFoundError: org/apache/log/format/Formatter
	at java.lang.Class.forName0(Native Method)
	at java.lang.Class.forName(Class.java:242)
	at org.apache.velocity.util.ClassUtils.getClass(ClassUtils.java:63)
	at org.apache.velocity.util.ClassUtils.getNewInstance(ClassUtils.java:95)
	at org.apache.velocity.runtime.log.LogManager.createLogChute(LogManager.java:147)
	at org.apache.velocity.runtime.log.LogManager.updateLog(LogManager.java:208)
	at org.apache.velocity.runtime.RuntimeInstance.initializeLog(RuntimeInstance.java:728)
	at org.apache.velocity.runtime.RuntimeInstance.init(RuntimeInstance.java:240)
	at org.apache.velocity.runtime.RuntimeInstance.parse(RuntimeInstance.java:993)
	at org.apache.velocity.runtime.RuntimeInstance.parse(RuntimeInstance.java:972)
	at org.apache.velocity.runtime.RuntimeSingleton.parse(RuntimeSingleton.java:265)
	at org.apache.velocity.app.Velocity.evaluate(Velocity.java:274)
	at org.sonatype.mavenbook.weather.WeatherFormatter.format(WeatherFormatter.java:23)
	at org.sonatype.mavenbook.weather.yahoo.WeatherFormatterTest.testFormat(WeatherFormatterTest.java:23)
	at sun.reflect.NativeMethodAccessorImpl.invoke0(Native Method)
	at sun.reflect.NativeMethodAccessorImpl.invoke(NativeMethodAccessorImpl.java:39)
	at sun.reflect.DelegatingMethodAccessorImpl.invoke(DelegatingMethodAccessorImpl.java:25)
	at java.lang.reflect.Method.invoke(Method.java:592)
	at junit.framework.TestCase.runTest(TestCase.java:154)
	at junit.framework.TestCase.runBare(TestCase.java:127)
	at junit.framework.TestResult$1.protect(TestResult.java:106)
	at junit.framework.TestResult.runProtected(TestResult.java:124)
	at junit.framework.TestResult.run(TestResult.java:109)
	at junit.framework.TestCase.run(TestCase.java:118)
	at junit.framework.TestSuite.runTest(TestSuite.java:208)
	at junit.framework.TestSuite.run(TestSuite.java:203)
	at sun.reflect.NativeMethodAccessorImpl.invoke0(Native Method)
	at sun.reflect.NativeMethodAccessorImpl.invoke(NativeMethodAccessorImpl.java:39)
	at sun.reflect.DelegatingMethodAccessorImpl.invoke(DelegatingMethodAccessorImpl.java:25)
	at java.lang.reflect.Method.invoke(Method.java:592)
	at org.apache.maven.surefire.junit.JUnitTestSet.execute(JUnitTestSet.java:95)
	at org.apache.maven.surefire.junit.JUnit3Provider.executeTestSet(JUnit3Provider.java:121)
	at org.apache.maven.surefire.junit.JUnit3Provider.invoke(JUnit3Provider.java:98)
	at sun.reflect.NativeMethodAccessorImpl.invoke0(Native Method)
	at sun.reflect.NativeMethodAccessorImpl.invoke(NativeMethodAccessorImpl.java:39)
	at sun.reflect.DelegatingMethodAccessorImpl.invoke(DelegatingMethodAccessorImpl.java:25)
	at java.lang.reflect.Method.invoke(Method.java:592)
	at org.apache.maven.surefire.util.ReflectionUtils.invokeMethodWithArray(ReflectionUtils.java:189)
	at org.apache.maven.surefire.booter.ProviderFactory$ProviderProxy.invoke(ProviderFactory.java:165)
	at org.apache.maven.surefire.booter.ProviderFactory.invokeProvider(ProviderFactory.java:85)
	at org.apache.maven.surefire.booter.ForkedBooter.runSuitesInProcess(ForkedBooter.java:115)
	at org.apache.maven.surefire.booter.ForkedBooter.main(ForkedBooter.java:75)
2015-10-25 03:07:18,375 - Trying to use logger class org.apache.velocity.runtime.log.Log4JLogChute
2015-10-25 03:07:18,375 - Using logger class org.apache.velocity.runtime.log.Log4JLogChute
2015-10-25 03:07:18,375 - Default ResourceManager initializing. (class org.apache.velocity.runtime.resource.ResourceManagerImpl)
2015-10-25 03:07:18,375 - ResourceLoader instantiated: org.apache.velocity.runtime.resource.loader.FileResourceLoader
2015-10-25 03:07:18,375 - Do unicode file recognition:  false
2015-10-25 03:07:18,375 - FileResourceLoader : adding path '.'
2015-10-25 03:07:18,391 - ResourceCache: initialized (class org.apache.velocity.runtime.resource.ResourceCacheImpl)
2015-10-25 03:07:18,391 - Loaded System Directive: org.apache.velocity.runtime.directive.Literal
2015-10-25 03:07:18,391 - Loaded System Directive: org.apache.velocity.runtime.directive.Macro
2015-10-25 03:07:18,391 - Loaded System Directive: org.apache.velocity.runtime.directive.Parse
2015-10-25 03:07:18,391 - Loaded System Directive: org.apache.velocity.runtime.directive.Include
2015-10-25 03:07:18,391 - Loaded System Directive: org.apache.velocity.runtime.directive.Foreach
2015-10-25 03:07:18,437 - Created '20' parsers.
2015-10-25 03:07:18,437 - Velocimacro : "velocimacro.library" is not set.  Trying default library: VM_global_library.vm
2015-10-25 03:07:18,437 - Velocimacro : Default library not found.
2015-10-25 03:07:18,437 - Velocimacro : allowInline = true : VMs can be defined inline in templates
2015-10-25 03:07:18,437 - Velocimacro : allowInlineToOverride = false : VMs defined inline may NOT replace previous VM definitions
2015-10-25 03:07:18,437 - Velocimacro : allowInlineLocal = false : VMs defined inline will be global in scope if allowed.
2015-10-25 03:07:18,437 - Velocimacro : autoload off : VM system will not automatically reload global library macros
